[2025-06-16 08:54:34] [Info] === Ransomware Awareness Simulation v2.0 Started ===
[2025-06-16 08:54:34] [Info] Checking prerequisites...
[2025-06-16 08:54:34] [Success] AES module loaded successfully
[2025-06-16 08:54:34] [Error] Required function 'Encrypt-File' not found in AES module
[2025-06-16 08:54:37] [Info] === Simulation Session Ended ===
[2025-06-16 08:55:02] [Info] === Ransomware Awareness Simulation v2.0 Started ===
[2025-06-16 08:55:02] [Info] Checking prerequisites...
[2025-06-16 08:55:02] [Success] AES module loaded successfully
[2025-06-16 08:55:02] [Error] Required function 'Encrypt-File' not found in AES module
[2025-06-16 08:55:03] [Info] === Simulation Session Ended ===
[2025-06-16 08:55:14] [Info] === Ransomware Awareness Simulation v2.0 Started ===
[2025-06-16 08:55:14] [Info] Checking prerequisites...
[2025-06-16 08:55:14] [Success] AES module loaded successfully
[2025-06-16 08:55:14] [Error] Required function 'Encrypt-File' not found in AES module
[2025-06-16 08:55:18] [Info] === Simulation Session Ended ===
[2025-06-16 08:55:19] [Info] === Ransomware Awareness Simulation v2.0 Started ===
[2025-06-16 08:55:19] [Info] Checking prerequisites...
[2025-06-16 08:55:19] [Success] AES module loaded successfully
[2025-06-16 08:55:19] [Error] Required function 'Encrypt-File' not found in AES module
[2025-06-16 08:55:21] [Info] === Simulation Session Ended ===
[2025-06-16 08:55:24] [Info] === Ransomware Awareness Simulation v2.0 Started ===
[2025-06-16 08:55:24] [Info] Checking prerequisites...
[2025-06-16 08:55:24] [Success] AES module loaded successfully
[2025-06-16 08:55:24] [Error] Required function 'Encrypt-File' not found in AES module
[2025-06-16 08:56:10] [Info] === Simulation Session Ended ===
[2025-06-16 08:56:19] [Info] === Ransomware Awareness Simulation v2.0 Started ===
[2025-06-16 08:56:19] [Info] Checking prerequisites...
[2025-06-16 08:56:19] [Success] AES module loaded successfully
[2025-06-16 08:56:19] [Error] Required function 'Encrypt-File' not found in AES module
[2025-06-16 08:58:04] [Info] === Ransomware Awareness Simulation v2.0 Started ===
[2025-06-16 08:58:04] [Info] Checking prerequisites...
[2025-06-16 08:58:04] [Success] AES module loaded successfully
[2025-06-16 08:58:04] [Success] All prerequisites met
[2025-06-16 08:58:15] [Info] Starting encryption simulation...
[2025-06-16 08:58:15] [Info] Scanning for target files on desktop...
[2025-06-16 08:58:15] [Debug] Found 10 total files on desktop
[2025-06-16 08:58:15] [Info] Identified 1 target files for encryption
[2025-06-16 08:58:20] [Info] Initializing simulation environment...
[2025-06-16 08:58:20] [Success] Created backup folder: C:\RansomwareSim_Desktop\Backup_Originals
[2025-06-16 08:58:20] [Success] Environment initialization complete
[2025-06-16 08:58:20] [Debug] Backed up file: README_RESTORE.txt -> README_RESTORE.txt
[2025-06-16 08:58:20] [Success] Successfully encrypted: README_RESTORE.txt
[2025-06-16 08:58:20] [Success] Created ransom note: C:\Users\baitimus\Desktop\README_RESTORE.txt
[2025-06-16 08:58:20] [Info] Encryption simulation completed. Success: 1, Errors: 0
[2025-06-16 08:58:31] [Info] Running system health check...
[2025-06-16 08:58:31] [Info] System health check completed. Issues found: 0
[2025-06-16 08:58:44] [Info] Starting file restoration...
[2025-06-16 08:58:44] [Info] Scanning for encrypted files...
[2025-06-16 08:58:44] [Info] Found 2 encrypted files
[2025-06-16 08:58:47] [Debug] Removed encrypted file: README_RESTORE.txt.locked
[2025-06-16 08:58:47] [Debug] Removed encrypted file: test .txt.locked
[2025-06-16 08:58:47] [Success] Removed ransom note
[2025-06-16 08:58:47] [Info] File restoration completed. Success: 1, Errors: 0
[2025-06-16 09:00:01] [Info] === Ransomware Awareness Simulation v2.0 Started ===
[2025-06-16 09:00:01] [Info] Checking prerequisites...
[2025-06-16 09:00:01] [Success] AES module loaded successfully
[2025-06-16 09:00:01] [Success] All prerequisites met
[2025-06-16 09:00:11] [Info] Simulation session ended by user
[2025-06-16 09:00:11] [Info] === Simulation Session Ended ===
